[2026-06-29T14:20:49.285Z] [INFO] [START] {"port":7788,"agents":6,"models":5}
[2026-06-29T14:21:12.418Z] [INFO] [REQUEST] {"inputLen":63}
[2026-06-29T14:21:12.418Z] [INFO] [MISSION_START] {"inputLen":63}
[2026-06-29T14:21:12.419Z] [INFO] [PHASE1_START] {"agents":6,"inputLen":63}
[2026-06-29T14:22:12.911Z] [INFO] [PHASE1_COMPLETE] {"succeeded":4,"failed":2}
[2026-06-29T14:22:12.912Z] [INFO] [PHASE2_START] {"round":1}
[2026-06-29T14:22:46.141Z] [INFO] [PHASE2_VERIFIED] {"round":1}
[2026-06-29T14:22:46.141Z] [INFO] [PHASE2_COMPLETE] {"rounds":1,"verified":true,"challenges":0}
[2026-06-29T14:22:46.141Z] [INFO] [PHASE3_START] {}
[2026-06-29T14:23:14.933Z] [INFO] [PHASE3_COMPLETE] {"finalLen":7158}
[2026-06-29T14:23:14.934Z] [INFO] [MISSION_COMPLETE] {"elapsed":122516}
[2026-06-29T14:23:28.215Z] [INFO] [REQUEST] {"inputLen":47}
[2026-06-29T14:23:28.215Z] [INFO] [MISSION_START] {"inputLen":47}
[2026-06-29T14:23:28.215Z] [INFO] [PHASE1_START] {"agents":6,"inputLen":47}
[2026-06-29T14:24:28.720Z] [INFO] [PHASE1_COMPLETE] {"succeeded":5,"failed":1}
[2026-06-29T14:24:28.720Z] [INFO] [PHASE2_START] {"round":1}
[2026-06-29T14:25:18.506Z] [INFO] [SHUTDOWN] {"reason":"SIGTERM"}
[2026-06-29T14:25:29.572Z] [INFO] [START] {"port":7788,"agents":6,"models":5}
[2026-06-29T14:25:39.349Z] [INFO] [REQUEST] {"inputLen":46}
[2026-06-29T14:25:39.350Z] [INFO] [MISSION_START] {"inputLen":46}
[2026-06-29T14:25:39.350Z] [INFO] [PHASE1_START] {"agents":6,"inputLen":46}
[2026-06-29T14:26:39.865Z] [INFO] [PHASE1_COMPLETE] {"succeeded":4,"failed":2}
[2026-06-29T14:26:39.866Z] [INFO] [PHASE2_START] {"round":1}
[2026-06-29T14:27:07.681Z] [INFO] [SHUTDOWN] {"reason":"SIGTERM"}
[2026-06-29T14:31:09.000Z] [INFO] [PERSONAS_LOADED] {"source":"local","count":6}
[2026-06-29T14:31:09.036Z] [INFO] [START] {"port":7788,"agents":6}
[2026-06-29T14:31:27.422Z] [INFO] [REQUEST] {"session":"ae5d77e3"}
[2026-06-29T14:31:27.423Z] [INFO] [MISSION_START] {}
[2026-06-29T14:31:27.423Z] [INFO] [PHASE1_START] {"agents":6}
[2026-06-29T14:32:53.146Z] [INFO] [MISSION_COMPLETE] {"elapsed":85723}
[2026-06-29T14:33:01.705Z] [INFO] [REQUEST] {"session":"8d5cccc5"}
[2026-06-29T14:33:01.705Z] [INFO] [MISSION_START] {}
[2026-06-29T14:33:01.705Z] [INFO] [PHASE1_START] {"agents":6}
[2026-06-29T14:36:28.585Z] [INFO] [MISSION_COMPLETE] {"elapsed":206880}
[2026-06-29T14:36:58.236Z] [INFO] [REQUEST] {"session":"d8bc4c29"}
[2026-06-29T14:36:58.237Z] [INFO] [MISSION_START] {}
[2026-06-29T14:36:58.237Z] [INFO] [PHASE1_START] {"agents":6}
[2026-06-29T14:41:37.932Z] [INFO] [MISSION_COMPLETE] {"elapsed":279695}
